<?xml version="1.0" encoding="UTF-8"?>
<!-- Generated by org.testng.reporters.JUnitReportReporter -->
<testsuite hostname="DESKTOP-LHJUU5I" failures="0" tests="3" name="TestNgPack.VerifyHelpHeader" time="82.184" errors="0" timestamp="2023-01-24T01:54:00 IST" skipped="0">
  <testcase classname="TestNgPack.VerifyHelpHeader" name="verifyAboutUs" time="23.467"/>
  <system-out/>
  <testcase classname="TestNgPack.VerifyHelpHeader" name="verifyFAQS" time="34.796"/>
  <system-out/>
  <testcase classname="TestNgPack.VerifyHelpHeader" name="verifyContact" time="23.921"/>
  <system-out/>
</testsuite> <!-- TestNgPack.VerifyHelpHeader -->
