<?xml version="1.0" encoding="UTF-8"?>
<!-- Generated by org.testng.reporters.JUnitReportReporter -->
<testsuite hostname="DESKTOP-LHJUU5I" failures="0" tests="2" name="HeenaKochharPom.VerifyPasswordWithEmptyPassword" time="58.569" errors="0" timestamp="2023-02-01T16:44:25 IST" skipped="1">
  <testcase classname="HeenaKochharPom.VerifyPasswordWithEmptyPassword" name="verifyIncorrectPass" time="0.000">
    <skipped/>
  </testcase> <!-- verifyIncorrectPass -->
  <system-out/>
  <testcase classname="HeenaKochharPom.VerifyPasswordWithEmptyPassword" name="verifyIncorrectPass" time="58.569"/>
  <system-out/>
</testsuite> <!-- HeenaKochharPom.VerifyPasswordWithEmptyPassword -->
