<?xml version="1.0" encoding="UTF-8"?>
<!-- Generated by org.testng.reporters.JUnitReportReporter -->
<testsuite hostname="DESKTOP-LHJUU5I" failures="0" tests="1" name="HeenaKochharPom.MakeToOrder" time="0.040" errors="1" timestamp="2023-01-27T14:36:29 IST" skipped="0">
  <testcase classname="HeenaKochharPom.MakeToOrder" name="makeToOrders" time="0.040">
    <error message="Unresolved compilation problems: 
	The method insertacrossBack(String) is undefined for the type MadeToOrder
	The method insertacrossFront(String) is undefined for the type MadeToOrder
	The method insertarmHole(String) is undefined for the type MadeToOrder
	The method insertbicep(String) is undefined for the type MadeToOrder
	The method insertbottomCircumferenceAnkle(String) is undefined for the type MadeToOrder
	The method insertbottomLength(String) is undefined for the type MadeToOrder
	The method insertbottomWaist(String) is undefined for the type MadeToOrder
	The method insertbust(String) is undefined for the type MadeToOrder
	The method insertelbow(String) is undefined for the type MadeToOrder
	The method inserthip(String) is undefined for the type MadeToOrder
	The method insertknee(String) is undefined for the type MadeToOrder
	The method insertLength(String) is undefined for the type MadeToOrder
	The method insertLength(String) is undefined for the type MadeToOrder
	The method insertneckDeepBack(String) is undefined for the type MadeToOrder
	The method insertneckDeepFront(String) is undefined for the type MadeToOrder
	The method insertshoulder(String) is undefined for the type MadeToOrder
	The method insertsleeveLength(String) is undefined for the type MadeToOrder
	The method insertthigh(String) is undefined for the type MadeToOrder
	The method insertunderBust(String) is undefined for the type MadeToOrder
	The method insertupperBust(String) is undefined for the type MadeToOrder
	The method insertwaist(String) is undefined for the type MadeToOrder
	The method insertwristCircumference(String) is undefined for the type MadeToOrder
	The method insertsubmit() is undefined for the type MadeToOrder
" type="java.lang.Error">
      <![CDATA[java.lang.Error: Unresolved compilation problems: 
The method insertacrossBack(String) is undefined for the type MadeToOrder
The method insertacrossFront(String) is undefined for the type MadeToOrder
The method insertarmHole(String) is undefined for the type MadeToOrder
The method insertbicep(String) is undefined for the type MadeToOrder
The method insertbottomCircumferenceAnkle(String) is undefined for the type MadeToOrder
The method insertbottomLength(String) is undefined for the type MadeToOrder
The method insertbottomWaist(String) is undefined for the type MadeToOrder
The method insertbust(String) is undefined for the type MadeToOrder
The method insertelbow(String) is undefined for the type MadeToOrder
The method inserthip(String) is undefined for the type MadeToOrder
The method insertknee(String) is undefined for the type MadeToOrder
The method insertLength(String) is undefined for the type MadeToOrder
The method insertLength(String) is undefined for the type MadeToOrder
The method insertneckDeepBack(String) is undefined for the type MadeToOrder
The method insertneckDeepFront(String) is undefined for the type MadeToOrder
The method insertshoulder(String) is undefined for the type MadeToOrder
The method insertsleeveLength(String) is undefined for the type MadeToOrder
The method insertthigh(String) is undefined for the type MadeToOrder
The method insertunderBust(String) is undefined for the type MadeToOrder
The method insertupperBust(String) is undefined for the type MadeToOrder
The method insertwaist(String) is undefined for the type MadeToOrder
The method insertwristCircumference(String) is undefined for the type MadeToOrder
The method insertsubmit() is undefined for the type MadeToOrder

at HeenaKochharPom.MakeToOrder.makeToOrders(MakeToOrder.java:74)
at java.base/jdk.internal.reflect.NativeMethodAccessorImpl.invoke0(Native Method)
at java.base/jdk.internal.reflect.NativeMethodAccessorImpl.invoke(NativeMethodAccessorImpl.java:77)
at java.base/jdk.internal.reflect.DelegatingMethodAccessorImpl.invoke(DelegatingMethodAccessorImpl.java:43)
at java.base/java.lang.reflect.Method.invoke(Method.java:568)
at org.testng.internal.invokers.MethodInvocationHelper.invokeMethod(MethodInvocationHelper.java:135)
at org.testng.internal.invokers.TestInvoker.invokeMethod(TestInvoker.java:673)
at org.testng.internal.invokers.TestInvoker.invokeTestMethod(TestInvoker.java:220)
at org.testng.internal.invokers.MethodRunner.runInSequence(MethodRunner.java:50)
at org.testng.internal.invokers.TestInvoker$MethodInvocationAgent.invoke(TestInvoker.java:945)
at org.testng.internal.invokers.TestInvoker.invokeTestMethods(TestInvoker.java:193)
at org.testng.internal.invokers.TestMethodWorker.invokeTestMethods(TestMethodWorker.java:146)
at org.testng.internal.invokers.TestMethodWorker.run(TestMethodWorker.java:128)
at java.base/java.util.ArrayList.forEach(ArrayList.java:1511)
at org.testng.TestRunner.privateRun(TestRunner.java:808)
at org.testng.TestRunner.run(TestRunner.java:603)
at org.testng.SuiteRunner.runTest(SuiteRunner.java:429)
at org.testng.SuiteRunner.runSequentially(SuiteRunner.java:423)
at org.testng.SuiteRunner.privateRun(SuiteRunner.java:383)
at org.testng.SuiteRunner.run(SuiteRunner.java:326)
at org.testng.SuiteRunnerWorker.runSuite(SuiteRunnerWorker.java:52)
at org.testng.SuiteRunnerWorker.run(SuiteRunnerWorker.java:95)
at org.testng.TestNG.runSuitesSequentially(TestNG.java:1249)
at org.testng.TestNG.runSuitesLocally(TestNG.java:1169)
at org.testng.TestNG.runSuites(TestNG.java:1092)
at org.testng.TestNG.run(TestNG.java:1060)
at org.testng.remote.AbstractRemoteTestNG.run(AbstractRemoteTestNG.java:115)
at org.testng.remote.RemoteTestNG.initAndRun(RemoteTestNG.java:251)
at org.testng.remote.RemoteTestNG.main(RemoteTestNG.java:77)
]]>
    </error>
  </testcase> <!-- makeToOrders -->
  <system-out/>
</testsuite> <!-- HeenaKochharPom.MakeToOrder -->
