<?xml version="1.0" encoding="UTF-8"?>
<!-- Generated by org.testng.reporters.JUnitReportReporter -->
<testsuite hostname="DESKTOP-LHJUU5I" failures="0" tests="1" name="TestNgPack.MakeToOrder" time="44.522" errors="0" timestamp="2023-01-27T14:14:38 IST" skipped="0">
  <testcase classname="TestNgPack.MakeToOrder" name="makeToOrder" time="44.522"/>
  <system-out/>
</testsuite> <!-- TestNgPack.MakeToOrder -->
