<?xml version="1.0" encoding="UTF-8"?>
<!-- Generated by org.testng.reporters.JUnitReportReporter -->
<testsuite hostname="DESKTOP-LHJUU5I" failures="0" tests="1" name="TestNgPack.TestNg" time="48.330" errors="0" timestamp="2023-01-24T00:54:22 IST" skipped="0">
  <testcase classname="TestNgPack.TestNg" name="VerifyTheViewCart" time="48.330"/>
  <system-out/>
</testsuite> <!-- TestNgPack.TestNg -->
