<?xml version="1.0" encoding="UTF-8"?>
<!-- Generated by org.testng.reporters.JUnitReportReporter -->
<testsuite hostname="DESKTOP-LHJUU5I" failures="0" tests="1" name="TestNgPack.VerifyHeaderTab" time="37.816" errors="0" timestamp="2023-01-25T19:07:32 IST" skipped="0">
  <testcase classname="TestNgPack.VerifyHeaderTab" name="verifyHeadertext" time="37.816"/>
  <system-out/>
</testsuite> <!-- TestNgPack.VerifyHeaderTab -->
