<?xml version="1.0" encoding="UTF-8"?>
<!-- Generated by org.testng.reporters.JUnitReportReporter -->
<testsuite hostname="DESKTOP-LHJUU5I" failures="0" tests="1" name="TestNgPack.verifyShoppingCartUpdate" time="30.746" errors="0" timestamp="2023-01-24T01:37:36 IST" skipped="0">
  <testcase classname="TestNgPack.verifyShoppingCartUpdate" name="verifyViewcart" time="30.746"/>
  <system-out/>
</testsuite> <!-- TestNgPack.verifyShoppingCartUpdate -->
