<?xml version="1.0" encoding="UTF-8"?>
<!-- Generated by org.testng.reporters.JUnitReportReporter -->
<testsuite hostname="DESKTOP-LHJUU5I" failures="0" tests="2" name="HeenaKochharPom.VerifyUsernameWithEmptyUsername" time="70.844" errors="0" timestamp="2023-02-03T18:30:30 IST" skipped="0">
  <testcase classname="HeenaKochharPom.VerifyUsernameWithEmptyUsername" name="verifyEmptyUsername" time="35.727"/>
  <system-out/>
  <testcase classname="HeenaKochharPom.VerifyUsernameWithEmptyUsername" name="verifyEmptyUsername" time="35.117"/>
  <system-out/>
</testsuite> <!-- HeenaKochharPom.VerifyUsernameWithEmptyUsername -->
